<?xml version="1.0" encoding="UTF-8"?>
<!-- Generated by org.testng.reporters.JUnitReportReporter -->
<testsuite skipped="0" hostname="Naumans-PC" name="com.tutorialsninja.testsuite.LaptopsAndNotebooksTest" tests="2" failures="0" timestamp="2022-12-13T21:44:53 GMT" time="17.030" errors="0">
  <testcase name="verifyProductsPriceDisplayHighToLowSuccessfully" time="4.214" classname="com.tutorialsninja.testsuite.LaptopsAndNotebooksTest"/>
  <system-out>
    <![CDATA[Hover over Laptops And NoteBooks Menu [[ChromeDriver: chrome on WINDOWS (da60e0be97f14686637655198b3f5418)] -> xpath: //ul[@class='nav navbar-nav']/li[2]]
Clicking on Show All Laptops And NoteBooks Link [[ChromeDriver: chrome on WINDOWS (da60e0be97f14686637655198b3f5418)] -> xpath: //a[contains(text(),'Show All Laptops & Notebooks')]]
The products are sorted BY High to Low prices [[ChromeDriver: chrome on WINDOWS (da60e0be97f14686637655198b3f5418)] -> xpath: //select[@id='input-sort']]
Click to see screenshot
<a target = "_blank" href=C:\Users\nik_7\IdeaProjects\project2-tutorialsninja-pagefactory-nauman/test-output/html/verifyProductsPriceDisplayHighToLowSuccessfullyTue_Dec_13_21_44_38_GMT_2022.jpg>Screenshot</a>
<br>
<br>
<a target = "_blank" href=C:\Users\nik_7\IdeaProjects\project2-tutorialsninja-pagefactory-nauman/test-output/html/verifyProductsPriceDisplayHighToLowSuccessfullyTue_Dec_13_21_44_38_GMT_2022.jpg><img src=C:\Users\nik_7\IdeaProjects\project2-tutorialsninja-pagefactory-nauman/test-output/html/verifyProductsPriceDisplayHighToLowSuccessfullyTue_Dec_13_21_44_38_GMT_2022.jpg height=200 width=200></img></a>]]>
  </system-out>
  <testcase name="verifyThatUserPlaceOrderSuccessfully" time="12.816" classname="com.tutorialsninja.testsuite.LaptopsAndNotebooksTest"/>
  <system-out>
    <![CDATA[The Top Menu Options are [[[ChromeDriver: chrome on WINDOWS (4bcd7b7f8652f1d9161fafc7285f3d21)] -> xpath: //nav[@id='menu']//ul//li//a], [[ChromeDriver: chrome on WINDOWS (4bcd7b7f8652f1d9161fafc7285f3d21)] -> xpath: //nav[@id='menu']//ul//li//a], [[ChromeDriver: chrome on WINDOWS (4bcd7b7f8652f1d9161fafc7285f3d21)] -> xpath: //nav[@id='menu']//ul//li//a], [[ChromeDriver: chrome on WINDOWS (4bcd7b7f8652f1d9161fafc7285f3d21)] -> xpath: //nav[@id='menu']//ul//li//a], [[ChromeDriver: chrome on WINDOWS (4bcd7b7f8652f1d9161fafc7285f3d21)] -> xpath: //nav[@id='menu']//ul//li//a], [[ChromeDriver: chrome on WINDOWS (4bcd7b7f8652f1d9161fafc7285f3d21)] -> xpath: //nav[@id='menu']//ul//li//a], [[ChromeDriver: chrome on WINDOWS (4bcd7b7f8652f1d9161fafc7285f3d21)] -> xpath: //nav[@id='menu']//ul//li//a], [[ChromeDriver: chrome on WINDOWS (4bcd7b7f8652f1d9161fafc7285f3d21)] -> xpath: //nav[@id='menu']//ul//li//a], [[ChromeDriver: chrome on WINDOWS (4bcd7b7f8652f1d9161fafc7285f3d21)] -> xpath: //nav[@id='menu']//ul//li//a], [[ChromeDriver: chrome on WINDOWS (4bcd7b7f8652f1d9161fafc7285f3d21)] -> xpath: //nav[@id='menu']//ul//li//a], [[ChromeDriver: chrome on WINDOWS (4bcd7b7f8652f1d9161fafc7285f3d21)] -> xpath: //nav[@id='menu']//ul//li//a], [[ChromeDriver: chrome on WINDOWS (4bcd7b7f8652f1d9161fafc7285f3d21)] -> xpath: //nav[@id='menu']//ul//li//a], [[ChromeDriver: chrome on WINDOWS (4bcd7b7f8652f1d9161fafc7285f3d21)] -> xpath: //nav[@id='menu']//ul//li//a], [[ChromeDriver: chrome on WINDOWS (4bcd7b7f8652f1d9161fafc7285f3d21)] -> xpath: //nav[@id='menu']//ul//li//a], [[ChromeDriver: chrome on WINDOWS (4bcd7b7f8652f1d9161fafc7285f3d21)] -> xpath: //nav[@id='menu']//ul//li//a], [[ChromeDriver: chrome on WINDOWS (4bcd7b7f8652f1d9161fafc7285f3d21)] -> xpath: //nav[@id='menu']//ul//li//a], [[ChromeDriver: chrome on WINDOWS (4bcd7b7f8652f1d9161fafc7285f3d21)] -> xpath: //nav[@id='menu']//ul//li//a], [[ChromeDriver: chrome on WINDOWS (4bcd7b7f8652f1d9161fafc7285f3d21)] -> xpath: //nav[@id='menu']//ul//li//a], [[ChromeDriver: chrome on WINDOWS (4bcd7b7f8652f1d9161fafc7285f3d21)] -> xpath: //nav[@id='menu']//ul//li//a], [[ChromeDriver: chrome on WINDOWS (4bcd7b7f8652f1d9161fafc7285f3d21)] -> xpath: //nav[@id='menu']//ul//li//a], [[ChromeDriver: chrome on WINDOWS (4bcd7b7f8652f1d9161fafc7285f3d21)] -> xpath: //nav[@id='menu']//ul//li//a], [[ChromeDriver: chrome on WINDOWS (4bcd7b7f8652f1d9161fafc7285f3d21)] -> xpath: //nav[@id='menu']//ul//li//a], [[ChromeDriver: chrome on WINDOWS (4bcd7b7f8652f1d9161fafc7285f3d21)] -> xpath: //nav[@id='menu']//ul//li//a], [[ChromeDriver: chrome on WINDOWS (4bcd7b7f8652f1d9161fafc7285f3d21)] -> xpath: //nav[@id='menu']//ul//li//a], [[ChromeDriver: chrome on WINDOWS (4bcd7b7f8652f1d9161fafc7285f3d21)] -> xpath: //nav[@id='menu']//ul//li//a], [[ChromeDriver: chrome on WINDOWS (4bcd7b7f8652f1d9161fafc7285f3d21)] -> xpath: //nav[@id='menu']//ul//li//a], [[ChromeDriver: chrome on WINDOWS (4bcd7b7f8652f1d9161fafc7285f3d21)] -> xpath: //nav[@id='menu']//ul//li//a], [[ChromeDriver: chrome on WINDOWS (4bcd7b7f8652f1d9161fafc7285f3d21)] -> xpath: //nav[@id='menu']//ul//li//a], [[ChromeDriver: chrome on WINDOWS (4bcd7b7f8652f1d9161fafc7285f3d21)] -> xpath: //nav[@id='menu']//ul//li//a], [[ChromeDriver: chrome on WINDOWS (4bcd7b7f8652f1d9161fafc7285f3d21)] -> xpath: //nav[@id='menu']//ul//li//a], [[ChromeDriver: chrome on WINDOWS (4bcd7b7f8652f1d9161fafc7285f3d21)] -> xpath: //nav[@id='menu']//ul//li//a], [[ChromeDriver: chrome on WINDOWS (4bcd7b7f8652f1d9161fafc7285f3d21)] -> xpath: //nav[@id='menu']//ul//li//a], [[ChromeDriver: chrome on WINDOWS (4bcd7b7f8652f1d9161fafc7285f3d21)] -> xpath: //nav[@id='menu']//ul//li//a], [[ChromeDriver: chrome on WINDOWS (4bcd7b7f8652f1d9161fafc7285f3d21)] -> xpath: //nav[@id='menu']//ul//li//a], [[ChromeDriver: chrome on WINDOWS (4bcd7b7f8652f1d9161fafc7285f3d21)] -> xpath: //nav[@id='menu']//ul//li//a], [[ChromeDriver: chrome on WINDOWS (4bcd7b7f8652f1d9161fafc7285f3d21)] -> xpath: //nav[@id='menu']//ul//li//a], [[ChromeDriver: chrome on WINDOWS (4bcd7b7f8652f1d9161fafc7285f3d21)] -> xpath: //nav[@id='menu']//ul//li//a], [[ChromeDriver: chrome on WINDOWS (4bcd7b7f8652f1d9161fafc7285f3d21)] -> xpath: //nav[@id='menu']//ul//li//a], [[ChromeDriver: chrome on WINDOWS (4bcd7b7f8652f1d9161fafc7285f3d21)] -> xpath: //nav[@id='menu']//ul//li//a]]
The Top Menu Options are  [[[ChromeDriver: chrome on WINDOWS (4bcd7b7f8652f1d9161fafc7285f3d21)] -> xpath: //nav[@id='menu']//ul//li//a], [[ChromeDriver: chrome on WINDOWS (4bcd7b7f8652f1d9161fafc7285f3d21)] -> xpath: //nav[@id='menu']//ul//li//a], [[ChromeDriver: chrome on WINDOWS (4bcd7b7f8652f1d9161fafc7285f3d21)] -> xpath: //nav[@id='menu']//ul//li//a], [[ChromeDriver: chrome on WINDOWS (4bcd7b7f8652f1d9161fafc7285f3d21)] -> xpath: //nav[@id='menu']//ul//li//a], [[ChromeDriver: chrome on WINDOWS (4bcd7b7f8652f1d9161fafc7285f3d21)] -> xpath: //nav[@id='menu']//ul//li//a], [[ChromeDriver: chrome on WINDOWS (4bcd7b7f8652f1d9161fafc7285f3d21)] -> xpath: //nav[@id='menu']//ul//li//a], [[ChromeDriver: chrome on WINDOWS (4bcd7b7f8652f1d9161fafc7285f3d21)] -> xpath: //nav[@id='menu']//ul//li//a], [[ChromeDriver: chrome on WINDOWS (4bcd7b7f8652f1d9161fafc7285f3d21)] -> xpath: //nav[@id='menu']//ul//li//a], [[ChromeDriver: chrome on WINDOWS (4bcd7b7f8652f1d9161fafc7285f3d21)] -> xpath: //nav[@id='menu']//ul//li//a], [[ChromeDriver: chrome on WINDOWS (4bcd7b7f8652f1d9161fafc7285f3d21)] -> xpath: //nav[@id='menu']//ul//li//a], [[ChromeDriver: chrome on WINDOWS (4bcd7b7f8652f1d9161fafc7285f3d21)] -> xpath: //nav[@id='menu']//ul//li//a], [[ChromeDriver: chrome on WINDOWS (4bcd7b7f8652f1d9161fafc7285f3d21)] -> xpath: //nav[@id='menu']//ul//li//a], [[ChromeDriver: chrome on WINDOWS (4bcd7b7f8652f1d9161fafc7285f3d21)] -> xpath: //nav[@id='menu']//ul//li//a], [[ChromeDriver: chrome on WINDOWS (4bcd7b7f8652f1d9161fafc7285f3d21)] -> xpath: //nav[@id='menu']//ul//li//a], [[ChromeDriver: chrome on WINDOWS (4bcd7b7f8652f1d9161fafc7285f3d21)] -> xpath: //nav[@id='menu']//ul//li//a], [[ChromeDriver: chrome on WINDOWS (4bcd7b7f8652f1d9161fafc7285f3d21)] -> xpath: //nav[@id='menu']//ul//li//a], [[ChromeDriver: chrome on WINDOWS (4bcd7b7f8652f1d9161fafc7285f3d21)] -> xpath: //nav[@id='menu']//ul//li//a], [[ChromeDriver: chrome on WINDOWS (4bcd7b7f8652f1d9161fafc7285f3d21)] -> xpath: //nav[@id='menu']//ul//li//a], [[ChromeDriver: chrome on WINDOWS (4bcd7b7f8652f1d9161fafc7285f3d21)] -> xpath: //nav[@id='menu']//ul//li//a], [[ChromeDriver: chrome on WINDOWS (4bcd7b7f8652f1d9161fafc7285f3d21)] -> xpath: //nav[@id='menu']//ul//li//a], [[ChromeDriver: chrome on WINDOWS (4bcd7b7f8652f1d9161fafc7285f3d21)] -> xpath: //nav[@id='menu']//ul//li//a], [[ChromeDriver: chrome on WINDOWS (4bcd7b7f8652f1d9161fafc7285f3d21)] -> xpath: //nav[@id='menu']//ul//li//a], [[ChromeDriver: chrome on WINDOWS (4bcd7b7f8652f1d9161fafc7285f3d21)] -> xpath: //nav[@id='menu']//ul//li//a], [[ChromeDriver: chrome on WINDOWS (4bcd7b7f8652f1d9161fafc7285f3d21)] -> xpath: //nav[@id='menu']//ul//li//a], [[ChromeDriver: chrome on WINDOWS (4bcd7b7f8652f1d9161fafc7285f3d21)] -> xpath: //nav[@id='menu']//ul//li//a], [[ChromeDriver: chrome on WINDOWS (4bcd7b7f8652f1d9161fafc7285f3d21)] -> xpath: //nav[@id='menu']//ul//li//a], [[ChromeDriver: chrome on WINDOWS (4bcd7b7f8652f1d9161fafc7285f3d21)] -> xpath: //nav[@id='menu']//ul//li//a], [[ChromeDriver: chrome on WINDOWS (4bcd7b7f8652f1d9161fafc7285f3d21)] -> xpath: //nav[@id='menu']//ul//li//a], [[ChromeDriver: chrome on WINDOWS (4bcd7b7f8652f1d9161fafc7285f3d21)] -> xpath: //nav[@id='menu']//ul//li//a], [[ChromeDriver: chrome on WINDOWS (4bcd7b7f8652f1d9161fafc7285f3d21)] -> xpath: //nav[@id='menu']//ul//li//a], [[ChromeDriver: chrome on WINDOWS (4bcd7b7f8652f1d9161fafc7285f3d21)] -> xpath: //nav[@id='menu']//ul//li//a], [[ChromeDriver: chrome on WINDOWS (4bcd7b7f8652f1d9161fafc7285f3d21)] -> xpath: //nav[@id='menu']//ul//li//a], [[ChromeDriver: chrome on WINDOWS (4bcd7b7f8652f1d9161fafc7285f3d21)] -> xpath: //nav[@id='menu']//ul//li//a], [[ChromeDriver: chrome on WINDOWS (4bcd7b7f8652f1d9161fafc7285f3d21)] -> xpath: //nav[@id='menu']//ul//li//a], [[ChromeDriver: chrome on WINDOWS (4bcd7b7f8652f1d9161fafc7285f3d21)] -> xpath: //nav[@id='menu']//ul//li//a], [[ChromeDriver: chrome on WINDOWS (4bcd7b7f8652f1d9161fafc7285f3d21)] -> xpath: //nav[@id='menu']//ul//li//a], [[ChromeDriver: chrome on WINDOWS (4bcd7b7f8652f1d9161fafc7285f3d21)] -> xpath: //nav[@id='menu']//ul//li//a], [[ChromeDriver: chrome on WINDOWS (4bcd7b7f8652f1d9161fafc7285f3d21)] -> xpath: //nav[@id='menu']//ul//li//a], [[ChromeDriver: chrome on WINDOWS (4bcd7b7f8652f1d9161fafc7285f3d21)] -> xpath: //nav[@id='menu']//ul//li//a]]
The products are sorted BY High to Low prices [[ChromeDriver: chrome on WINDOWS (4bcd7b7f8652f1d9161fafc7285f3d21)] -> xpath: //select[@id='input-sort']]
The products are [[[ChromeDriver: chrome on WINDOWS (4bcd7b7f8652f1d9161fafc7285f3d21)] -> xpath: //div[@id='content']/div[4]//div/child::h4/a], [[ChromeDriver: chrome on WINDOWS (4bcd7b7f8652f1d9161fafc7285f3d21)] -> xpath: //div[@id='content']/div[4]//div/child::h4/a], [[ChromeDriver: chrome on WINDOWS (4bcd7b7f8652f1d9161fafc7285f3d21)] -> xpath: //div[@id='content']/div[4]//div/child::h4/a], [[ChromeDriver: chrome on WINDOWS (4bcd7b7f8652f1d9161fafc7285f3d21)] -> xpath: //div[@id='content']/div[4]//div/child::h4/a], [[ChromeDriver: chrome on WINDOWS (4bcd7b7f8652f1d9161fafc7285f3d21)] -> xpath: //div[@id='content']/div[4]//div/child::h4/a]]
The Product Name is [[ChromeDriver: chrome on WINDOWS (4bcd7b7f8652f1d9161fafc7285f3d21)] -> xpath: (//div[@class='col-sm-4'])[2]/h1]
Clicking on Add To Cart Button [[ChromeDriver: chrome on WINDOWS (4bcd7b7f8652f1d9161fafc7285f3d21)] -> id: button-cart]
The Success Message is [[ChromeDriver: chrome on WINDOWS (4bcd7b7f8652f1d9161fafc7285f3d21)] -> xpath: //div[@class='alert alert-success alert-dismissible']]
Clicking on Shopping Cart Button [[ChromeDriver: chrome on WINDOWS (4bcd7b7f8652f1d9161fafc7285f3d21)] -> xpath: //a[contains(text(),'shopping cart')]]
The Shopping Cart Text is [[ChromeDriver: chrome on WINDOWS (4bcd7b7f8652f1d9161fafc7285f3d21)] -> xpath: //div[@id='content']/h1]
The Product in Cart is [[ChromeDriver: chrome on WINDOWS (4bcd7b7f8652f1d9161fafc7285f3d21)] -> xpath: //div[@class='table-responsive']/table/tbody/tr/td[2]/a]
The Quantity is [[ChromeDriver: chrome on WINDOWS (4bcd7b7f8652f1d9161fafc7285f3d21)] -> xpath: //div[@class='table-responsive']/table/tbody/tr/td[4]/div/input]
The Shopping Cart Updated Text is [[ChromeDriver: chrome on WINDOWS (4bcd7b7f8652f1d9161fafc7285f3d21)] -> xpath: //div[@class='alert alert-success alert-dismissible']]
The New Total Price is [[ChromeDriver: chrome on WINDOWS (4bcd7b7f8652f1d9161fafc7285f3d21)] -> xpath: //div[@class='table-responsive']/table/tbody/tr/td[6]]
Click on guest checkout  Button [[ChromeDriver: chrome on WINDOWS (4bcd7b7f8652f1d9161fafc7285f3d21)] -> xpath: //a[contains(text(),'Checkout')]]
The Checkout Text is [[ChromeDriver: chrome on WINDOWS (4bcd7b7f8652f1d9161fafc7285f3d21)] -> xpath: //h1[contains(text(),'Checkout')]]
The New Customer Text is [[ChromeDriver: chrome on WINDOWS (4bcd7b7f8652f1d9161fafc7285f3d21)] -> xpath: //h2[contains(text(),'New Customer')]]
Click on guest checkout  Button [[ChromeDriver: chrome on WINDOWS (4bcd7b7f8652f1d9161fafc7285f3d21)] -> xpath: //div[@class='panel-group']/div[1]/div[2]/div/div/div[1]/div[2]/label/input]
Clicking on continue Button [[ChromeDriver: chrome on WINDOWS (4bcd7b7f8652f1d9161fafc7285f3d21)] -> xpath: //input[@id='button-account']]
Enter user first name Prime to firstname field [[ChromeDriver: chrome on WINDOWS (4bcd7b7f8652f1d9161fafc7285f3d21)] -> xpath: //input[@id='input-payment-firstname']]
Enter user last name Testing to lastname field [[ChromeDriver: chrome on WINDOWS (4bcd7b7f8652f1d9161fafc7285f3d21)] -> xpath: //input[@id='input-payment-lastname']]
Enter user email prime to email field [[ChromeDriver: chrome on WINDOWS (4bcd7b7f8652f1d9161fafc7285f3d21)] -> xpath: //input[@id='input-payment-email']]
Enter telephone number 020876579 to Telephone Number field [[ChromeDriver: chrome on WINDOWS (4bcd7b7f8652f1d9161fafc7285f3d21)] -> xpath: //input[@id='input-payment-telephone']]
Enter Address 1 Street to Address field [[ChromeDriver: chrome on WINDOWS (4bcd7b7f8652f1d9161fafc7285f3d21)] -> xpath: //input[@id='input-payment-address-1']]
Enter city name London to City name field [[ChromeDriver: chrome on WINDOWS (4bcd7b7f8652f1d9161fafc7285f3d21)] -> xpath: //input[@id='input-payment-city']]
Enter postcode L1 2B to username field [[ChromeDriver: chrome on WINDOWS (4bcd7b7f8652f1d9161fafc7285f3d21)] -> xpath: //input[@id='input-payment-postcode']]
Select country United Kingdom to Country field [[ChromeDriver: chrome on WINDOWS (4bcd7b7f8652f1d9161fafc7285f3d21)] -> xpath: //select[@id='input-payment-country']]
Select region Greater London to Region field [[ChromeDriver: chrome on WINDOWS (4bcd7b7f8652f1d9161fafc7285f3d21)] -> xpath: //select[@id='input-payment-zone']]
Clicking on continue Button in guest section [[ChromeDriver: chrome on WINDOWS (4bcd7b7f8652f1d9161fafc7285f3d21)] -> css selector: #button-guest]
Enter comments Please wrap the product to Comment field [[ChromeDriver: chrome on WINDOWS (4bcd7b7f8652f1d9161fafc7285f3d21)] -> xpath: //div[@class='panel-group']/div[3]/div[2]/div[1]/p[2]/textarea[1]]
Clicking on term and conditions box [[ChromeDriver: chrome on WINDOWS (4bcd7b7f8652f1d9161fafc7285f3d21)] -> name: agree]
Clicking on continue Button in comment section [[ChromeDriver: chrome on WINDOWS (4bcd7b7f8652f1d9161fafc7285f3d21)] -> xpath: //input[@id='button-payment-method']]
The payment error message is [[ChromeDriver: chrome on WINDOWS (4bcd7b7f8652f1d9161fafc7285f3d21)] -> xpath: //div[@class='panel-group']/div[3]/div[2]/div/div[1]]
Click to see screenshot
<a target = "_blank" href=C:\Users\nik_7\IdeaProjects\project2-tutorialsninja-pagefactory-nauman/test-output/html/verifyThatUserPlaceOrderSuccessfullyTue_Dec_13_21_44_52_GMT_2022.jpg>Screenshot</a>
<br>
<br>
<a target = "_blank" href=C:\Users\nik_7\IdeaProjects\project2-tutorialsninja-pagefactory-nauman/test-output/html/verifyThatUserPlaceOrderSuccessfullyTue_Dec_13_21_44_52_GMT_2022.jpg><img src=C:\Users\nik_7\IdeaProjects\project2-tutorialsninja-pagefactory-nauman/test-output/html/verifyThatUserPlaceOrderSuccessfullyTue_Dec_13_21_44_52_GMT_2022.jpg height=200 width=200></img></a>]]>
  </system-out>
</testsuite> <!-- com.tutorialsninja.testsuite.LaptopsAndNotebooksTest -->
