<?xml version="1.0" encoding="UTF-8"?>
<!-- Generated by org.testng.reporters.JUnitReportReporter -->
<testsuite skipped="0" hostname="Naumans-PC" name="com.tutorialsninja.testsuite.DesktopsTest" tests="2" failures="0" timestamp="2022-12-13T21:44:53 GMT" time="15.951" errors="0">
  <testcase name="verifyProductsAreArrangedInAlphabeticalOrder" time="4.581" classname="com.tutorialsninja.testsuite.DesktopsTest"/>
  <system-out>
    <![CDATA[Hover over Desktops Menu [[ChromeDriver: chrome on WINDOWS (d420847e6df48e9f20d0f218a4391811)] -> xpath: //ul[@class='nav navbar-nav']/li[1]]
Clicking on Show All Desktops Link [[ChromeDriver: chrome on WINDOWS (d420847e6df48e9f20d0f218a4391811)] -> xpath: //a[contains(text(),'Show All Desktops')]]
Sort By Z to A [[ChromeDriver: chrome on WINDOWS (d420847e6df48e9f20d0f218a4391811)] -> xpath: //select[@id='input-sort']]
Click to see screenshot
<a target = "_blank" href=C:\Users\nik_7\IdeaProjects\project2-tutorialsninja-pagefactory-nauman/test-output/html/verifyProductsAreArrangedInAlphabeticalOrderTue_Dec_13_21_44_34_GMT_2022.jpg>Screenshot</a>
<br>
<br>
<a target = "_blank" href=C:\Users\nik_7\IdeaProjects\project2-tutorialsninja-pagefactory-nauman/test-output/html/verifyProductsAreArrangedInAlphabeticalOrderTue_Dec_13_21_44_34_GMT_2022.jpg><img src=C:\Users\nik_7\IdeaProjects\project2-tutorialsninja-pagefactory-nauman/test-output/html/verifyProductsAreArrangedInAlphabeticalOrderTue_Dec_13_21_44_34_GMT_2022.jpg height=200 width=200></img></a>]]>
  </system-out>
  <testcase name="verifyProductAreAddedToShoppingCartSuccessFully" time="11.370" classname="com.tutorialsninja.testsuite.DesktopsTest"/>
  <system-out>
    <![CDATA[Hover over Desktops Menu [[ChromeDriver: chrome on WINDOWS (9498c64c85669818272038f48c7aee11)] -> xpath: //ul[@class='nav navbar-nav']/li[1]]
Clicking on Show All Desktops Link [[ChromeDriver: chrome on WINDOWS (9498c64c85669818272038f48c7aee11)] -> xpath: //a[contains(text(),'Show All Desktops')]]
Sort By A to Z [[ChromeDriver: chrome on WINDOWS (9498c64c85669818272038f48c7aee11)] -> xpath: //select[@id='input-sort']]
Clicking on Product [[ChromeDriver: chrome on WINDOWS (9498c64c85669818272038f48c7aee11)] -> xpath: //a[contains(text(),'HP LP3065')]]
The Product Name is [[ChromeDriver: chrome on WINDOWS (9498c64c85669818272038f48c7aee11)] -> xpath: (//div[@class='col-sm-4'])[2]/h1]
Clicking on Calender Button [[ChromeDriver: chrome on WINDOWS (9498c64c85669818272038f48c7aee11)] -> css selector: i[class='fa fa-calendar']]
Clear text [[ChromeDriver: chrome on WINDOWS (9498c64c85669818272038f48c7aee11)] -> xpath: //input[@id='input-quantity']]
Send quantity 1 to firstname field [[ChromeDriver: chrome on WINDOWS (9498c64c85669818272038f48c7aee11)] -> xpath: //input[@id='input-quantity']]
Clicking on Add To Cart Button [[ChromeDriver: chrome on WINDOWS (9498c64c85669818272038f48c7aee11)] -> id: button-cart]
The Success Message is [[ChromeDriver: chrome on WINDOWS (9498c64c85669818272038f48c7aee11)] -> xpath: //div[@class='alert alert-success alert-dismissible']]
Clicking on Shopping Cart Button [[ChromeDriver: chrome on WINDOWS (9498c64c85669818272038f48c7aee11)] -> xpath: //a[contains(text(),'shopping cart')]]
The Shopping Cart Text is [[ChromeDriver: chrome on WINDOWS (9498c64c85669818272038f48c7aee11)] -> xpath: //div[@id='content']/h1]
The Product in Cart is [[ChromeDriver: chrome on WINDOWS (9498c64c85669818272038f48c7aee11)] -> xpath: //div[@class='table-responsive']/table/tbody/tr/td[2]/a]
The Delivery Date is [[ChromeDriver: chrome on WINDOWS (9498c64c85669818272038f48c7aee11)] -> xpath: //div[@class='table-responsive']/table/tbody/tr/td[2]/small[1]]
The Model Name is [[ChromeDriver: chrome on WINDOWS (9498c64c85669818272038f48c7aee11)] -> xpath: //div[@class='table-responsive']/table/tbody/tr/td[3]]
The New Total Price is [[ChromeDriver: chrome on WINDOWS (9498c64c85669818272038f48c7aee11)] -> xpath: //div[@class='table-responsive']/table/tbody/tr/td[6]]
Click to see screenshot
<a target = "_blank" href=C:\Users\nik_7\IdeaProjects\project2-tutorialsninja-pagefactory-nauman/test-output/html/verifyProductAreAddedToShoppingCartSuccessFullyTue_Dec_13_21_44_29_GMT_2022.jpg>Screenshot</a>
<br>
<br>
<a target = "_blank" href=C:\Users\nik_7\IdeaProjects\project2-tutorialsninja-pagefactory-nauman/test-output/html/verifyProductAreAddedToShoppingCartSuccessFullyTue_Dec_13_21_44_29_GMT_2022.jpg><img src=C:\Users\nik_7\IdeaProjects\project2-tutorialsninja-pagefactory-nauman/test-output/html/verifyProductAreAddedToShoppingCartSuccessFullyTue_Dec_13_21_44_29_GMT_2022.jpg height=200 width=200></img></a>]]>
  </system-out>
</testsuite> <!-- com.tutorialsninja.testsuite.DesktopsTest -->
