<?xml version="1.0" encoding="UTF-8"?>
<!-- Generated by org.testng.reporters.JUnitReportReporter -->
<testsuite skipped="0" hostname="Naumans-PC" name="com.tutorialsninja.testsuite.TopMenuTest" tests="3" failures="0" timestamp="2022-12-13T21:44:53 GMT" time="13.614" errors="0">
  <testcase name="verifyUserShouldNavigateToLaptopsAndNotebooksPageSuccessfully" time="4.099" classname="com.tutorialsninja.testsuite.TopMenuTest"/>
  <system-out>
    <![CDATA[The Top Menu Options are [[[ChromeDriver: chrome on WINDOWS (0700e8d215ea68cb837b04bd50295680)] -> xpath: //nav[@id='menu']//ul//li//a], [[ChromeDriver: chrome on WINDOWS (0700e8d215ea68cb837b04bd50295680)] -> xpath: //nav[@id='menu']//ul//li//a], [[ChromeDriver: chrome on WINDOWS (0700e8d215ea68cb837b04bd50295680)] -> xpath: //nav[@id='menu']//ul//li//a], [[ChromeDriver: chrome on WINDOWS (0700e8d215ea68cb837b04bd50295680)] -> xpath: //nav[@id='menu']//ul//li//a], [[ChromeDriver: chrome on WINDOWS (0700e8d215ea68cb837b04bd50295680)] -> xpath: //nav[@id='menu']//ul//li//a], [[ChromeDriver: chrome on WINDOWS (0700e8d215ea68cb837b04bd50295680)] -> xpath: //nav[@id='menu']//ul//li//a], [[ChromeDriver: chrome on WINDOWS (0700e8d215ea68cb837b04bd50295680)] -> xpath: //nav[@id='menu']//ul//li//a], [[ChromeDriver: chrome on WINDOWS (0700e8d215ea68cb837b04bd50295680)] -> xpath: //nav[@id='menu']//ul//li//a], [[ChromeDriver: chrome on WINDOWS (0700e8d215ea68cb837b04bd50295680)] -> xpath: //nav[@id='menu']//ul//li//a], [[ChromeDriver: chrome on WINDOWS (0700e8d215ea68cb837b04bd50295680)] -> xpath: //nav[@id='menu']//ul//li//a], [[ChromeDriver: chrome on WINDOWS (0700e8d215ea68cb837b04bd50295680)] -> xpath: //nav[@id='menu']//ul//li//a], [[ChromeDriver: chrome on WINDOWS (0700e8d215ea68cb837b04bd50295680)] -> xpath: //nav[@id='menu']//ul//li//a], [[ChromeDriver: chrome on WINDOWS (0700e8d215ea68cb837b04bd50295680)] -> xpath: //nav[@id='menu']//ul//li//a], [[ChromeDriver: chrome on WINDOWS (0700e8d215ea68cb837b04bd50295680)] -> xpath: //nav[@id='menu']//ul//li//a], [[ChromeDriver: chrome on WINDOWS (0700e8d215ea68cb837b04bd50295680)] -> xpath: //nav[@id='menu']//ul//li//a], [[ChromeDriver: chrome on WINDOWS (0700e8d215ea68cb837b04bd50295680)] -> xpath: //nav[@id='menu']//ul//li//a], [[ChromeDriver: chrome on WINDOWS (0700e8d215ea68cb837b04bd50295680)] -> xpath: //nav[@id='menu']//ul//li//a], [[ChromeDriver: chrome on WINDOWS (0700e8d215ea68cb837b04bd50295680)] -> xpath: //nav[@id='menu']//ul//li//a], [[ChromeDriver: chrome on WINDOWS (0700e8d215ea68cb837b04bd50295680)] -> xpath: //nav[@id='menu']//ul//li//a], [[ChromeDriver: chrome on WINDOWS (0700e8d215ea68cb837b04bd50295680)] -> xpath: //nav[@id='menu']//ul//li//a], [[ChromeDriver: chrome on WINDOWS (0700e8d215ea68cb837b04bd50295680)] -> xpath: //nav[@id='menu']//ul//li//a], [[ChromeDriver: chrome on WINDOWS (0700e8d215ea68cb837b04bd50295680)] -> xpath: //nav[@id='menu']//ul//li//a], [[ChromeDriver: chrome on WINDOWS (0700e8d215ea68cb837b04bd50295680)] -> xpath: //nav[@id='menu']//ul//li//a], [[ChromeDriver: chrome on WINDOWS (0700e8d215ea68cb837b04bd50295680)] -> xpath: //nav[@id='menu']//ul//li//a], [[ChromeDriver: chrome on WINDOWS (0700e8d215ea68cb837b04bd50295680)] -> xpath: //nav[@id='menu']//ul//li//a], [[ChromeDriver: chrome on WINDOWS (0700e8d215ea68cb837b04bd50295680)] -> xpath: //nav[@id='menu']//ul//li//a], [[ChromeDriver: chrome on WINDOWS (0700e8d215ea68cb837b04bd50295680)] -> xpath: //nav[@id='menu']//ul//li//a], [[ChromeDriver: chrome on WINDOWS (0700e8d215ea68cb837b04bd50295680)] -> xpath: //nav[@id='menu']//ul//li//a], [[ChromeDriver: chrome on WINDOWS (0700e8d215ea68cb837b04bd50295680)] -> xpath: //nav[@id='menu']//ul//li//a], [[ChromeDriver: chrome on WINDOWS (0700e8d215ea68cb837b04bd50295680)] -> xpath: //nav[@id='menu']//ul//li//a], [[ChromeDriver: chrome on WINDOWS (0700e8d215ea68cb837b04bd50295680)] -> xpath: //nav[@id='menu']//ul//li//a], [[ChromeDriver: chrome on WINDOWS (0700e8d215ea68cb837b04bd50295680)] -> xpath: //nav[@id='menu']//ul//li//a], [[ChromeDriver: chrome on WINDOWS (0700e8d215ea68cb837b04bd50295680)] -> xpath: //nav[@id='menu']//ul//li//a], [[ChromeDriver: chrome on WINDOWS (0700e8d215ea68cb837b04bd50295680)] -> xpath: //nav[@id='menu']//ul//li//a], [[ChromeDriver: chrome on WINDOWS (0700e8d215ea68cb837b04bd50295680)] -> xpath: //nav[@id='menu']//ul//li//a], [[ChromeDriver: chrome on WINDOWS (0700e8d215ea68cb837b04bd50295680)] -> xpath: //nav[@id='menu']//ul//li//a], [[ChromeDriver: chrome on WINDOWS (0700e8d215ea68cb837b04bd50295680)] -> xpath: //nav[@id='menu']//ul//li//a], [[ChromeDriver: chrome on WINDOWS (0700e8d215ea68cb837b04bd50295680)] -> xpath: //nav[@id='menu']//ul//li//a], [[ChromeDriver: chrome on WINDOWS (0700e8d215ea68cb837b04bd50295680)] -> xpath: //nav[@id='menu']//ul//li//a]]
The Top Menu Options are  [[[ChromeDriver: chrome on WINDOWS (0700e8d215ea68cb837b04bd50295680)] -> xpath: //nav[@id='menu']//ul//li//a], [[ChromeDriver: chrome on WINDOWS (0700e8d215ea68cb837b04bd50295680)] -> xpath: //nav[@id='menu']//ul//li//a], [[ChromeDriver: chrome on WINDOWS (0700e8d215ea68cb837b04bd50295680)] -> xpath: //nav[@id='menu']//ul//li//a], [[ChromeDriver: chrome on WINDOWS (0700e8d215ea68cb837b04bd50295680)] -> xpath: //nav[@id='menu']//ul//li//a], [[ChromeDriver: chrome on WINDOWS (0700e8d215ea68cb837b04bd50295680)] -> xpath: //nav[@id='menu']//ul//li//a], [[ChromeDriver: chrome on WINDOWS (0700e8d215ea68cb837b04bd50295680)] -> xpath: //nav[@id='menu']//ul//li//a], [[ChromeDriver: chrome on WINDOWS (0700e8d215ea68cb837b04bd50295680)] -> xpath: //nav[@id='menu']//ul//li//a], [[ChromeDriver: chrome on WINDOWS (0700e8d215ea68cb837b04bd50295680)] -> xpath: //nav[@id='menu']//ul//li//a], [[ChromeDriver: chrome on WINDOWS (0700e8d215ea68cb837b04bd50295680)] -> xpath: //nav[@id='menu']//ul//li//a], [[ChromeDriver: chrome on WINDOWS (0700e8d215ea68cb837b04bd50295680)] -> xpath: //nav[@id='menu']//ul//li//a], [[ChromeDriver: chrome on WINDOWS (0700e8d215ea68cb837b04bd50295680)] -> xpath: //nav[@id='menu']//ul//li//a], [[ChromeDriver: chrome on WINDOWS (0700e8d215ea68cb837b04bd50295680)] -> xpath: //nav[@id='menu']//ul//li//a], [[ChromeDriver: chrome on WINDOWS (0700e8d215ea68cb837b04bd50295680)] -> xpath: //nav[@id='menu']//ul//li//a], [[ChromeDriver: chrome on WINDOWS (0700e8d215ea68cb837b04bd50295680)] -> xpath: //nav[@id='menu']//ul//li//a], [[ChromeDriver: chrome on WINDOWS (0700e8d215ea68cb837b04bd50295680)] -> xpath: //nav[@id='menu']//ul//li//a], [[ChromeDriver: chrome on WINDOWS (0700e8d215ea68cb837b04bd50295680)] -> xpath: //nav[@id='menu']//ul//li//a], [[ChromeDriver: chrome on WINDOWS (0700e8d215ea68cb837b04bd50295680)] -> xpath: //nav[@id='menu']//ul//li//a], [[ChromeDriver: chrome on WINDOWS (0700e8d215ea68cb837b04bd50295680)] -> xpath: //nav[@id='menu']//ul//li//a], [[ChromeDriver: chrome on WINDOWS (0700e8d215ea68cb837b04bd50295680)] -> xpath: //nav[@id='menu']//ul//li//a], [[ChromeDriver: chrome on WINDOWS (0700e8d215ea68cb837b04bd50295680)] -> xpath: //nav[@id='menu']//ul//li//a], [[ChromeDriver: chrome on WINDOWS (0700e8d215ea68cb837b04bd50295680)] -> xpath: //nav[@id='menu']//ul//li//a], [[ChromeDriver: chrome on WINDOWS (0700e8d215ea68cb837b04bd50295680)] -> xpath: //nav[@id='menu']//ul//li//a], [[ChromeDriver: chrome on WINDOWS (0700e8d215ea68cb837b04bd50295680)] -> xpath: //nav[@id='menu']//ul//li//a], [[ChromeDriver: chrome on WINDOWS (0700e8d215ea68cb837b04bd50295680)] -> xpath: //nav[@id='menu']//ul//li//a], [[ChromeDriver: chrome on WINDOWS (0700e8d215ea68cb837b04bd50295680)] -> xpath: //nav[@id='menu']//ul//li//a], [[ChromeDriver: chrome on WINDOWS (0700e8d215ea68cb837b04bd50295680)] -> xpath: //nav[@id='menu']//ul//li//a], [[ChromeDriver: chrome on WINDOWS (0700e8d215ea68cb837b04bd50295680)] -> xpath: //nav[@id='menu']//ul//li//a], [[ChromeDriver: chrome on WINDOWS (0700e8d215ea68cb837b04bd50295680)] -> xpath: //nav[@id='menu']//ul//li//a], [[ChromeDriver: chrome on WINDOWS (0700e8d215ea68cb837b04bd50295680)] -> xpath: //nav[@id='menu']//ul//li//a], [[ChromeDriver: chrome on WINDOWS (0700e8d215ea68cb837b04bd50295680)] -> xpath: //nav[@id='menu']//ul//li//a], [[ChromeDriver: chrome on WINDOWS (0700e8d215ea68cb837b04bd50295680)] -> xpath: //nav[@id='menu']//ul//li//a], [[ChromeDriver: chrome on WINDOWS (0700e8d215ea68cb837b04bd50295680)] -> xpath: //nav[@id='menu']//ul//li//a], [[ChromeDriver: chrome on WINDOWS (0700e8d215ea68cb837b04bd50295680)] -> xpath: //nav[@id='menu']//ul//li//a], [[ChromeDriver: chrome on WINDOWS (0700e8d215ea68cb837b04bd50295680)] -> xpath: //nav[@id='menu']//ul//li//a], [[ChromeDriver: chrome on WINDOWS (0700e8d215ea68cb837b04bd50295680)] -> xpath: //nav[@id='menu']//ul//li//a], [[ChromeDriver: chrome on WINDOWS (0700e8d215ea68cb837b04bd50295680)] -> xpath: //nav[@id='menu']//ul//li//a], [[ChromeDriver: chrome on WINDOWS (0700e8d215ea68cb837b04bd50295680)] -> xpath: //nav[@id='menu']//ul//li//a], [[ChromeDriver: chrome on WINDOWS (0700e8d215ea68cb837b04bd50295680)] -> xpath: //nav[@id='menu']//ul//li//a], [[ChromeDriver: chrome on WINDOWS (0700e8d215ea68cb837b04bd50295680)] -> xpath: //nav[@id='menu']//ul//li//a]]
The The Laptops And Desktops Text [[ChromeDriver: chrome on WINDOWS (0700e8d215ea68cb837b04bd50295680)] -> xpath: //h2[contains(text(),'Laptops & Notebooks')]]
Click to see screenshot
<a target = "_blank" href=C:\Users\nik_7\IdeaProjects\project2-tutorialsninja-pagefactory-nauman/test-output/html/verifyUserShouldNavigateToLaptopsAndNotebooksPageSuccessfullyTue_Dec_13_21_43_57_GMT_2022.jpg>Screenshot</a>
<br>
<br>
<a target = "_blank" href=C:\Users\nik_7\IdeaProjects\project2-tutorialsninja-pagefactory-nauman/test-output/html/verifyUserShouldNavigateToLaptopsAndNotebooksPageSuccessfullyTue_Dec_13_21_43_57_GMT_2022.jpg><img src=C:\Users\nik_7\IdeaProjects\project2-tutorialsninja-pagefactory-nauman/test-output/html/verifyUserShouldNavigateToLaptopsAndNotebooksPageSuccessfullyTue_Dec_13_21_43_57_GMT_2022.jpg height=200 width=200></img></a>]]>
  </system-out>
  <testcase name="verifyUserShouldNavigateToComponentsPageSuccessfully" time="5.227" classname="com.tutorialsninja.testsuite.TopMenuTest"/>
  <system-out>
    <![CDATA[The Top Menu Options are [[[ChromeDriver: chrome on WINDOWS (f19df8777bade229fa1b4c2dfdf1e7ca)] -> xpath: //nav[@id='menu']//ul//li//a], [[ChromeDriver: chrome on WINDOWS (f19df8777bade229fa1b4c2dfdf1e7ca)] -> xpath: //nav[@id='menu']//ul//li//a], [[ChromeDriver: chrome on WINDOWS (f19df8777bade229fa1b4c2dfdf1e7ca)] -> xpath: //nav[@id='menu']//ul//li//a], [[ChromeDriver: chrome on WINDOWS (f19df8777bade229fa1b4c2dfdf1e7ca)] -> xpath: //nav[@id='menu']//ul//li//a], [[ChromeDriver: chrome on WINDOWS (f19df8777bade229fa1b4c2dfdf1e7ca)] -> xpath: //nav[@id='menu']//ul//li//a], [[ChromeDriver: chrome on WINDOWS (f19df8777bade229fa1b4c2dfdf1e7ca)] -> xpath: //nav[@id='menu']//ul//li//a], [[ChromeDriver: chrome on WINDOWS (f19df8777bade229fa1b4c2dfdf1e7ca)] -> xpath: //nav[@id='menu']//ul//li//a], [[ChromeDriver: chrome on WINDOWS (f19df8777bade229fa1b4c2dfdf1e7ca)] -> xpath: //nav[@id='menu']//ul//li//a], [[ChromeDriver: chrome on WINDOWS (f19df8777bade229fa1b4c2dfdf1e7ca)] -> xpath: //nav[@id='menu']//ul//li//a], [[ChromeDriver: chrome on WINDOWS (f19df8777bade229fa1b4c2dfdf1e7ca)] -> xpath: //nav[@id='menu']//ul//li//a], [[ChromeDriver: chrome on WINDOWS (f19df8777bade229fa1b4c2dfdf1e7ca)] -> xpath: //nav[@id='menu']//ul//li//a], [[ChromeDriver: chrome on WINDOWS (f19df8777bade229fa1b4c2dfdf1e7ca)] -> xpath: //nav[@id='menu']//ul//li//a], [[ChromeDriver: chrome on WINDOWS (f19df8777bade229fa1b4c2dfdf1e7ca)] -> xpath: //nav[@id='menu']//ul//li//a], [[ChromeDriver: chrome on WINDOWS (f19df8777bade229fa1b4c2dfdf1e7ca)] -> xpath: //nav[@id='menu']//ul//li//a], [[ChromeDriver: chrome on WINDOWS (f19df8777bade229fa1b4c2dfdf1e7ca)] -> xpath: //nav[@id='menu']//ul//li//a], [[ChromeDriver: chrome on WINDOWS (f19df8777bade229fa1b4c2dfdf1e7ca)] -> xpath: //nav[@id='menu']//ul//li//a], [[ChromeDriver: chrome on WINDOWS (f19df8777bade229fa1b4c2dfdf1e7ca)] -> xpath: //nav[@id='menu']//ul//li//a], [[ChromeDriver: chrome on WINDOWS (f19df8777bade229fa1b4c2dfdf1e7ca)] -> xpath: //nav[@id='menu']//ul//li//a], [[ChromeDriver: chrome on WINDOWS (f19df8777bade229fa1b4c2dfdf1e7ca)] -> xpath: //nav[@id='menu']//ul//li//a], [[ChromeDriver: chrome on WINDOWS (f19df8777bade229fa1b4c2dfdf1e7ca)] -> xpath: //nav[@id='menu']//ul//li//a], [[ChromeDriver: chrome on WINDOWS (f19df8777bade229fa1b4c2dfdf1e7ca)] -> xpath: //nav[@id='menu']//ul//li//a], [[ChromeDriver: chrome on WINDOWS (f19df8777bade229fa1b4c2dfdf1e7ca)] -> xpath: //nav[@id='menu']//ul//li//a], [[ChromeDriver: chrome on WINDOWS (f19df8777bade229fa1b4c2dfdf1e7ca)] -> xpath: //nav[@id='menu']//ul//li//a], [[ChromeDriver: chrome on WINDOWS (f19df8777bade229fa1b4c2dfdf1e7ca)] -> xpath: //nav[@id='menu']//ul//li//a], [[ChromeDriver: chrome on WINDOWS (f19df8777bade229fa1b4c2dfdf1e7ca)] -> xpath: //nav[@id='menu']//ul//li//a], [[ChromeDriver: chrome on WINDOWS (f19df8777bade229fa1b4c2dfdf1e7ca)] -> xpath: //nav[@id='menu']//ul//li//a], [[ChromeDriver: chrome on WINDOWS (f19df8777bade229fa1b4c2dfdf1e7ca)] -> xpath: //nav[@id='menu']//ul//li//a], [[ChromeDriver: chrome on WINDOWS (f19df8777bade229fa1b4c2dfdf1e7ca)] -> xpath: //nav[@id='menu']//ul//li//a], [[ChromeDriver: chrome on WINDOWS (f19df8777bade229fa1b4c2dfdf1e7ca)] -> xpath: //nav[@id='menu']//ul//li//a], [[ChromeDriver: chrome on WINDOWS (f19df8777bade229fa1b4c2dfdf1e7ca)] -> xpath: //nav[@id='menu']//ul//li//a], [[ChromeDriver: chrome on WINDOWS (f19df8777bade229fa1b4c2dfdf1e7ca)] -> xpath: //nav[@id='menu']//ul//li//a], [[ChromeDriver: chrome on WINDOWS (f19df8777bade229fa1b4c2dfdf1e7ca)] -> xpath: //nav[@id='menu']//ul//li//a], [[ChromeDriver: chrome on WINDOWS (f19df8777bade229fa1b4c2dfdf1e7ca)] -> xpath: //nav[@id='menu']//ul//li//a], [[ChromeDriver: chrome on WINDOWS (f19df8777bade229fa1b4c2dfdf1e7ca)] -> xpath: //nav[@id='menu']//ul//li//a], [[ChromeDriver: chrome on WINDOWS (f19df8777bade229fa1b4c2dfdf1e7ca)] -> xpath: //nav[@id='menu']//ul//li//a], [[ChromeDriver: chrome on WINDOWS (f19df8777bade229fa1b4c2dfdf1e7ca)] -> xpath: //nav[@id='menu']//ul//li//a], [[ChromeDriver: chrome on WINDOWS (f19df8777bade229fa1b4c2dfdf1e7ca)] -> xpath: //nav[@id='menu']//ul//li//a], [[ChromeDriver: chrome on WINDOWS (f19df8777bade229fa1b4c2dfdf1e7ca)] -> xpath: //nav[@id='menu']//ul//li//a], [[ChromeDriver: chrome on WINDOWS (f19df8777bade229fa1b4c2dfdf1e7ca)] -> xpath: //nav[@id='menu']//ul//li//a]]
The Top Menu Options are  [[[ChromeDriver: chrome on WINDOWS (f19df8777bade229fa1b4c2dfdf1e7ca)] -> xpath: //nav[@id='menu']//ul//li//a], [[ChromeDriver: chrome on WINDOWS (f19df8777bade229fa1b4c2dfdf1e7ca)] -> xpath: //nav[@id='menu']//ul//li//a], [[ChromeDriver: chrome on WINDOWS (f19df8777bade229fa1b4c2dfdf1e7ca)] -> xpath: //nav[@id='menu']//ul//li//a], [[ChromeDriver: chrome on WINDOWS (f19df8777bade229fa1b4c2dfdf1e7ca)] -> xpath: //nav[@id='menu']//ul//li//a], [[ChromeDriver: chrome on WINDOWS (f19df8777bade229fa1b4c2dfdf1e7ca)] -> xpath: //nav[@id='menu']//ul//li//a], [[ChromeDriver: chrome on WINDOWS (f19df8777bade229fa1b4c2dfdf1e7ca)] -> xpath: //nav[@id='menu']//ul//li//a], [[ChromeDriver: chrome on WINDOWS (f19df8777bade229fa1b4c2dfdf1e7ca)] -> xpath: //nav[@id='menu']//ul//li//a], [[ChromeDriver: chrome on WINDOWS (f19df8777bade229fa1b4c2dfdf1e7ca)] -> xpath: //nav[@id='menu']//ul//li//a], [[ChromeDriver: chrome on WINDOWS (f19df8777bade229fa1b4c2dfdf1e7ca)] -> xpath: //nav[@id='menu']//ul//li//a], [[ChromeDriver: chrome on WINDOWS (f19df8777bade229fa1b4c2dfdf1e7ca)] -> xpath: //nav[@id='menu']//ul//li//a], [[ChromeDriver: chrome on WINDOWS (f19df8777bade229fa1b4c2dfdf1e7ca)] -> xpath: //nav[@id='menu']//ul//li//a], [[ChromeDriver: chrome on WINDOWS (f19df8777bade229fa1b4c2dfdf1e7ca)] -> xpath: //nav[@id='menu']//ul//li//a], [[ChromeDriver: chrome on WINDOWS (f19df8777bade229fa1b4c2dfdf1e7ca)] -> xpath: //nav[@id='menu']//ul//li//a], [[ChromeDriver: chrome on WINDOWS (f19df8777bade229fa1b4c2dfdf1e7ca)] -> xpath: //nav[@id='menu']//ul//li//a], [[ChromeDriver: chrome on WINDOWS (f19df8777bade229fa1b4c2dfdf1e7ca)] -> xpath: //nav[@id='menu']//ul//li//a], [[ChromeDriver: chrome on WINDOWS (f19df8777bade229fa1b4c2dfdf1e7ca)] -> xpath: //nav[@id='menu']//ul//li//a], [[ChromeDriver: chrome on WINDOWS (f19df8777bade229fa1b4c2dfdf1e7ca)] -> xpath: //nav[@id='menu']//ul//li//a], [[ChromeDriver: chrome on WINDOWS (f19df8777bade229fa1b4c2dfdf1e7ca)] -> xpath: //nav[@id='menu']//ul//li//a], [[ChromeDriver: chrome on WINDOWS (f19df8777bade229fa1b4c2dfdf1e7ca)] -> xpath: //nav[@id='menu']//ul//li//a], [[ChromeDriver: chrome on WINDOWS (f19df8777bade229fa1b4c2dfdf1e7ca)] -> xpath: //nav[@id='menu']//ul//li//a], [[ChromeDriver: chrome on WINDOWS (f19df8777bade229fa1b4c2dfdf1e7ca)] -> xpath: //nav[@id='menu']//ul//li//a], [[ChromeDriver: chrome on WINDOWS (f19df8777bade229fa1b4c2dfdf1e7ca)] -> xpath: //nav[@id='menu']//ul//li//a], [[ChromeDriver: chrome on WINDOWS (f19df8777bade229fa1b4c2dfdf1e7ca)] -> xpath: //nav[@id='menu']//ul//li//a], [[ChromeDriver: chrome on WINDOWS (f19df8777bade229fa1b4c2dfdf1e7ca)] -> xpath: //nav[@id='menu']//ul//li//a], [[ChromeDriver: chrome on WINDOWS (f19df8777bade229fa1b4c2dfdf1e7ca)] -> xpath: //nav[@id='menu']//ul//li//a], [[ChromeDriver: chrome on WINDOWS (f19df8777bade229fa1b4c2dfdf1e7ca)] -> xpath: //nav[@id='menu']//ul//li//a], [[ChromeDriver: chrome on WINDOWS (f19df8777bade229fa1b4c2dfdf1e7ca)] -> xpath: //nav[@id='menu']//ul//li//a], [[ChromeDriver: chrome on WINDOWS (f19df8777bade229fa1b4c2dfdf1e7ca)] -> xpath: //nav[@id='menu']//ul//li//a], [[ChromeDriver: chrome on WINDOWS (f19df8777bade229fa1b4c2dfdf1e7ca)] -> xpath: //nav[@id='menu']//ul//li//a], [[ChromeDriver: chrome on WINDOWS (f19df8777bade229fa1b4c2dfdf1e7ca)] -> xpath: //nav[@id='menu']//ul//li//a], [[ChromeDriver: chrome on WINDOWS (f19df8777bade229fa1b4c2dfdf1e7ca)] -> xpath: //nav[@id='menu']//ul//li//a], [[ChromeDriver: chrome on WINDOWS (f19df8777bade229fa1b4c2dfdf1e7ca)] -> xpath: //nav[@id='menu']//ul//li//a], [[ChromeDriver: chrome on WINDOWS (f19df8777bade229fa1b4c2dfdf1e7ca)] -> xpath: //nav[@id='menu']//ul//li//a], [[ChromeDriver: chrome on WINDOWS (f19df8777bade229fa1b4c2dfdf1e7ca)] -> xpath: //nav[@id='menu']//ul//li//a], [[ChromeDriver: chrome on WINDOWS (f19df8777bade229fa1b4c2dfdf1e7ca)] -> xpath: //nav[@id='menu']//ul//li//a], [[ChromeDriver: chrome on WINDOWS (f19df8777bade229fa1b4c2dfdf1e7ca)] -> xpath: //nav[@id='menu']//ul//li//a], [[ChromeDriver: chrome on WINDOWS (f19df8777bade229fa1b4c2dfdf1e7ca)] -> xpath: //nav[@id='menu']//ul//li//a], [[ChromeDriver: chrome on WINDOWS (f19df8777bade229fa1b4c2dfdf1e7ca)] -> xpath: //nav[@id='menu']//ul//li//a], [[ChromeDriver: chrome on WINDOWS (f19df8777bade229fa1b4c2dfdf1e7ca)] -> xpath: //nav[@id='menu']//ul//li//a]]
The Components page text is [[ChromeDriver: chrome on WINDOWS (f19df8777bade229fa1b4c2dfdf1e7ca)] -> xpath: //h2[contains(text(),'Components')]]
Click to see screenshot
<a target = "_blank" href=C:\Users\nik_7\IdeaProjects\project2-tutorialsninja-pagefactory-nauman/test-output/html/verifyUserShouldNavigateToComponentsPageSuccessfullyTue_Dec_13_21_43_48_GMT_2022.jpg>Screenshot</a>
<br>
<br>
<a target = "_blank" href=C:\Users\nik_7\IdeaProjects\project2-tutorialsninja-pagefactory-nauman/test-output/html/verifyUserShouldNavigateToComponentsPageSuccessfullyTue_Dec_13_21_43_48_GMT_2022.jpg><img src=C:\Users\nik_7\IdeaProjects\project2-tutorialsninja-pagefactory-nauman/test-output/html/verifyUserShouldNavigateToComponentsPageSuccessfullyTue_Dec_13_21_43_48_GMT_2022.jpg height=200 width=200></img></a>]]>
  </system-out>
  <testcase name="verifyUserShouldNavigateToDesktopsPageSuccessfully" time="4.288" classname="com.tutorialsninja.testsuite.TopMenuTest"/>
  <system-out>
    <![CDATA[The Top Menu Options are [[[ChromeDriver: chrome on WINDOWS (8151a91cafffc9090deb27edd3e33bc8)] -> xpath: //nav[@id='menu']//ul//li//a], [[ChromeDriver: chrome on WINDOWS (8151a91cafffc9090deb27edd3e33bc8)] -> xpath: //nav[@id='menu']//ul//li//a], [[ChromeDriver: chrome on WINDOWS (8151a91cafffc9090deb27edd3e33bc8)] -> xpath: //nav[@id='menu']//ul//li//a], [[ChromeDriver: chrome on WINDOWS (8151a91cafffc9090deb27edd3e33bc8)] -> xpath: //nav[@id='menu']//ul//li//a], [[ChromeDriver: chrome on WINDOWS (8151a91cafffc9090deb27edd3e33bc8)] -> xpath: //nav[@id='menu']//ul//li//a], [[ChromeDriver: chrome on WINDOWS (8151a91cafffc9090deb27edd3e33bc8)] -> xpath: //nav[@id='menu']//ul//li//a], [[ChromeDriver: chrome on WINDOWS (8151a91cafffc9090deb27edd3e33bc8)] -> xpath: //nav[@id='menu']//ul//li//a], [[ChromeDriver: chrome on WINDOWS (8151a91cafffc9090deb27edd3e33bc8)] -> xpath: //nav[@id='menu']//ul//li//a], [[ChromeDriver: chrome on WINDOWS (8151a91cafffc9090deb27edd3e33bc8)] -> xpath: //nav[@id='menu']//ul//li//a], [[ChromeDriver: chrome on WINDOWS (8151a91cafffc9090deb27edd3e33bc8)] -> xpath: //nav[@id='menu']//ul//li//a], [[ChromeDriver: chrome on WINDOWS (8151a91cafffc9090deb27edd3e33bc8)] -> xpath: //nav[@id='menu']//ul//li//a], [[ChromeDriver: chrome on WINDOWS (8151a91cafffc9090deb27edd3e33bc8)] -> xpath: //nav[@id='menu']//ul//li//a], [[ChromeDriver: chrome on WINDOWS (8151a91cafffc9090deb27edd3e33bc8)] -> xpath: //nav[@id='menu']//ul//li//a], [[ChromeDriver: chrome on WINDOWS (8151a91cafffc9090deb27edd3e33bc8)] -> xpath: //nav[@id='menu']//ul//li//a], [[ChromeDriver: chrome on WINDOWS (8151a91cafffc9090deb27edd3e33bc8)] -> xpath: //nav[@id='menu']//ul//li//a], [[ChromeDriver: chrome on WINDOWS (8151a91cafffc9090deb27edd3e33bc8)] -> xpath: //nav[@id='menu']//ul//li//a], [[ChromeDriver: chrome on WINDOWS (8151a91cafffc9090deb27edd3e33bc8)] -> xpath: //nav[@id='menu']//ul//li//a], [[ChromeDriver: chrome on WINDOWS (8151a91cafffc9090deb27edd3e33bc8)] -> xpath: //nav[@id='menu']//ul//li//a], [[ChromeDriver: chrome on WINDOWS (8151a91cafffc9090deb27edd3e33bc8)] -> xpath: //nav[@id='menu']//ul//li//a], [[ChromeDriver: chrome on WINDOWS (8151a91cafffc9090deb27edd3e33bc8)] -> xpath: //nav[@id='menu']//ul//li//a], [[ChromeDriver: chrome on WINDOWS (8151a91cafffc9090deb27edd3e33bc8)] -> xpath: //nav[@id='menu']//ul//li//a], [[ChromeDriver: chrome on WINDOWS (8151a91cafffc9090deb27edd3e33bc8)] -> xpath: //nav[@id='menu']//ul//li//a], [[ChromeDriver: chrome on WINDOWS (8151a91cafffc9090deb27edd3e33bc8)] -> xpath: //nav[@id='menu']//ul//li//a], [[ChromeDriver: chrome on WINDOWS (8151a91cafffc9090deb27edd3e33bc8)] -> xpath: //nav[@id='menu']//ul//li//a], [[ChromeDriver: chrome on WINDOWS (8151a91cafffc9090deb27edd3e33bc8)] -> xpath: //nav[@id='menu']//ul//li//a], [[ChromeDriver: chrome on WINDOWS (8151a91cafffc9090deb27edd3e33bc8)] -> xpath: //nav[@id='menu']//ul//li//a], [[ChromeDriver: chrome on WINDOWS (8151a91cafffc9090deb27edd3e33bc8)] -> xpath: //nav[@id='menu']//ul//li//a], [[ChromeDriver: chrome on WINDOWS (8151a91cafffc9090deb27edd3e33bc8)] -> xpath: //nav[@id='menu']//ul//li//a], [[ChromeDriver: chrome on WINDOWS (8151a91cafffc9090deb27edd3e33bc8)] -> xpath: //nav[@id='menu']//ul//li//a], [[ChromeDriver: chrome on WINDOWS (8151a91cafffc9090deb27edd3e33bc8)] -> xpath: //nav[@id='menu']//ul//li//a], [[ChromeDriver: chrome on WINDOWS (8151a91cafffc9090deb27edd3e33bc8)] -> xpath: //nav[@id='menu']//ul//li//a], [[ChromeDriver: chrome on WINDOWS (8151a91cafffc9090deb27edd3e33bc8)] -> xpath: //nav[@id='menu']//ul//li//a], [[ChromeDriver: chrome on WINDOWS (8151a91cafffc9090deb27edd3e33bc8)] -> xpath: //nav[@id='menu']//ul//li//a], [[ChromeDriver: chrome on WINDOWS (8151a91cafffc9090deb27edd3e33bc8)] -> xpath: //nav[@id='menu']//ul//li//a], [[ChromeDriver: chrome on WINDOWS (8151a91cafffc9090deb27edd3e33bc8)] -> xpath: //nav[@id='menu']//ul//li//a], [[ChromeDriver: chrome on WINDOWS (8151a91cafffc9090deb27edd3e33bc8)] -> xpath: //nav[@id='menu']//ul//li//a], [[ChromeDriver: chrome on WINDOWS (8151a91cafffc9090deb27edd3e33bc8)] -> xpath: //nav[@id='menu']//ul//li//a], [[ChromeDriver: chrome on WINDOWS (8151a91cafffc9090deb27edd3e33bc8)] -> xpath: //nav[@id='menu']//ul//li//a], [[ChromeDriver: chrome on WINDOWS (8151a91cafffc9090deb27edd3e33bc8)] -> xpath: //nav[@id='menu']//ul//li//a]]
The Top Menu Options are  [[[ChromeDriver: chrome on WINDOWS (8151a91cafffc9090deb27edd3e33bc8)] -> xpath: //nav[@id='menu']//ul//li//a], [[ChromeDriver: chrome on WINDOWS (8151a91cafffc9090deb27edd3e33bc8)] -> xpath: //nav[@id='menu']//ul//li//a], [[ChromeDriver: chrome on WINDOWS (8151a91cafffc9090deb27edd3e33bc8)] -> xpath: //nav[@id='menu']//ul//li//a], [[ChromeDriver: chrome on WINDOWS (8151a91cafffc9090deb27edd3e33bc8)] -> xpath: //nav[@id='menu']//ul//li//a], [[ChromeDriver: chrome on WINDOWS (8151a91cafffc9090deb27edd3e33bc8)] -> xpath: //nav[@id='menu']//ul//li//a], [[ChromeDriver: chrome on WINDOWS (8151a91cafffc9090deb27edd3e33bc8)] -> xpath: //nav[@id='menu']//ul//li//a], [[ChromeDriver: chrome on WINDOWS (8151a91cafffc9090deb27edd3e33bc8)] -> xpath: //nav[@id='menu']//ul//li//a], [[ChromeDriver: chrome on WINDOWS (8151a91cafffc9090deb27edd3e33bc8)] -> xpath: //nav[@id='menu']//ul//li//a], [[ChromeDriver: chrome on WINDOWS (8151a91cafffc9090deb27edd3e33bc8)] -> xpath: //nav[@id='menu']//ul//li//a], [[ChromeDriver: chrome on WINDOWS (8151a91cafffc9090deb27edd3e33bc8)] -> xpath: //nav[@id='menu']//ul//li//a], [[ChromeDriver: chrome on WINDOWS (8151a91cafffc9090deb27edd3e33bc8)] -> xpath: //nav[@id='menu']//ul//li//a], [[ChromeDriver: chrome on WINDOWS (8151a91cafffc9090deb27edd3e33bc8)] -> xpath: //nav[@id='menu']//ul//li//a], [[ChromeDriver: chrome on WINDOWS (8151a91cafffc9090deb27edd3e33bc8)] -> xpath: //nav[@id='menu']//ul//li//a], [[ChromeDriver: chrome on WINDOWS (8151a91cafffc9090deb27edd3e33bc8)] -> xpath: //nav[@id='menu']//ul//li//a], [[ChromeDriver: chrome on WINDOWS (8151a91cafffc9090deb27edd3e33bc8)] -> xpath: //nav[@id='menu']//ul//li//a], [[ChromeDriver: chrome on WINDOWS (8151a91cafffc9090deb27edd3e33bc8)] -> xpath: //nav[@id='menu']//ul//li//a], [[ChromeDriver: chrome on WINDOWS (8151a91cafffc9090deb27edd3e33bc8)] -> xpath: //nav[@id='menu']//ul//li//a], [[ChromeDriver: chrome on WINDOWS (8151a91cafffc9090deb27edd3e33bc8)] -> xpath: //nav[@id='menu']//ul//li//a], [[ChromeDriver: chrome on WINDOWS (8151a91cafffc9090deb27edd3e33bc8)] -> xpath: //nav[@id='menu']//ul//li//a], [[ChromeDriver: chrome on WINDOWS (8151a91cafffc9090deb27edd3e33bc8)] -> xpath: //nav[@id='menu']//ul//li//a], [[ChromeDriver: chrome on WINDOWS (8151a91cafffc9090deb27edd3e33bc8)] -> xpath: //nav[@id='menu']//ul//li//a], [[ChromeDriver: chrome on WINDOWS (8151a91cafffc9090deb27edd3e33bc8)] -> xpath: //nav[@id='menu']//ul//li//a], [[ChromeDriver: chrome on WINDOWS (8151a91cafffc9090deb27edd3e33bc8)] -> xpath: //nav[@id='menu']//ul//li//a], [[ChromeDriver: chrome on WINDOWS (8151a91cafffc9090deb27edd3e33bc8)] -> xpath: //nav[@id='menu']//ul//li//a], [[ChromeDriver: chrome on WINDOWS (8151a91cafffc9090deb27edd3e33bc8)] -> xpath: //nav[@id='menu']//ul//li//a], [[ChromeDriver: chrome on WINDOWS (8151a91cafffc9090deb27edd3e33bc8)] -> xpath: //nav[@id='menu']//ul//li//a], [[ChromeDriver: chrome on WINDOWS (8151a91cafffc9090deb27edd3e33bc8)] -> xpath: //nav[@id='menu']//ul//li//a], [[ChromeDriver: chrome on WINDOWS (8151a91cafffc9090deb27edd3e33bc8)] -> xpath: //nav[@id='menu']//ul//li//a], [[ChromeDriver: chrome on WINDOWS (8151a91cafffc9090deb27edd3e33bc8)] -> xpath: //nav[@id='menu']//ul//li//a], [[ChromeDriver: chrome on WINDOWS (8151a91cafffc9090deb27edd3e33bc8)] -> xpath: //nav[@id='menu']//ul//li//a], [[ChromeDriver: chrome on WINDOWS (8151a91cafffc9090deb27edd3e33bc8)] -> xpath: //nav[@id='menu']//ul//li//a], [[ChromeDriver: chrome on WINDOWS (8151a91cafffc9090deb27edd3e33bc8)] -> xpath: //nav[@id='menu']//ul//li//a], [[ChromeDriver: chrome on WINDOWS (8151a91cafffc9090deb27edd3e33bc8)] -> xpath: //nav[@id='menu']//ul//li//a], [[ChromeDriver: chrome on WINDOWS (8151a91cafffc9090deb27edd3e33bc8)] -> xpath: //nav[@id='menu']//ul//li//a], [[ChromeDriver: chrome on WINDOWS (8151a91cafffc9090deb27edd3e33bc8)] -> xpath: //nav[@id='menu']//ul//li//a], [[ChromeDriver: chrome on WINDOWS (8151a91cafffc9090deb27edd3e33bc8)] -> xpath: //nav[@id='menu']//ul//li//a], [[ChromeDriver: chrome on WINDOWS (8151a91cafffc9090deb27edd3e33bc8)] -> xpath: //nav[@id='menu']//ul//li//a], [[ChromeDriver: chrome on WINDOWS (8151a91cafffc9090deb27edd3e33bc8)] -> xpath: //nav[@id='menu']//ul//li//a], [[ChromeDriver: chrome on WINDOWS (8151a91cafffc9090deb27edd3e33bc8)] -> xpath: //nav[@id='menu']//ul//li//a]]
The Desktop page Text  [[ChromeDriver: chrome on WINDOWS (8151a91cafffc9090deb27edd3e33bc8)] -> xpath: //h2[contains(text(),'Desktops')]]
Click to see screenshot
<a target = "_blank" href=C:\Users\nik_7\IdeaProjects\project2-tutorialsninja-pagefactory-nauman/test-output/html/verifyUserShouldNavigateToDesktopsPageSuccessfullyTue_Dec_13_21_43_53_GMT_2022.jpg>Screenshot</a>
<br>
<br>
<a target = "_blank" href=C:\Users\nik_7\IdeaProjects\project2-tutorialsninja-pagefactory-nauman/test-output/html/verifyUserShouldNavigateToDesktopsPageSuccessfullyTue_Dec_13_21_43_53_GMT_2022.jpg><img src=C:\Users\nik_7\IdeaProjects\project2-tutorialsninja-pagefactory-nauman/test-output/html/verifyUserShouldNavigateToDesktopsPageSuccessfullyTue_Dec_13_21_43_53_GMT_2022.jpg height=200 width=200></img></a>]]>
  </system-out>
</testsuite> <!-- com.tutorialsninja.testsuite.TopMenuTest -->
