<?xml version="1.0" encoding="UTF-8"?>
<!-- Generated by org.testng.reporters.JUnitReportReporter -->
<testsuite skipped="0" hostname="Naumans-PC" name="com.tutorialsninja.testsuite.MyAccountTest" tests="4" failures="0" timestamp="2022-12-13T21:44:53 GMT" time="18.612" errors="0">
  <testcase name="verifyThatUserShouldLoginAndLogoutSuccessfully" time="5.724" classname="com.tutorialsninja.testsuite.MyAccountTest"/>
  <system-out>
    <![CDATA[Click on My Account Link [[ChromeDriver: chrome on WINDOWS (4e171114a0dd6687443f1883f7a1da39)] -> xpath: //span[contains(text(),'My Account')]]
Select My Account Options [[[ChromeDriver: chrome on WINDOWS (4e171114a0dd6687443f1883f7a1da39)] -> xpath: //ul[@class='dropdown-menu dropdown-menu-right']//li//a], [[ChromeDriver: chrome on WINDOWS (4e171114a0dd6687443f1883f7a1da39)] -> xpath: //ul[@class='dropdown-menu dropdown-menu-right']//li//a]]
Click on Login Button [[ChromeDriver: chrome on WINDOWS (4e171114a0dd6687443f1883f7a1da39)] -> xpath: //input[@class='btn btn-primary']]
My Account Text [[ChromeDriver: chrome on WINDOWS (4e171114a0dd6687443f1883f7a1da39)] -> xpath: //span[contains(text(),'My Account')]]
Click on My Account Link [[ChromeDriver: chrome on WINDOWS (4e171114a0dd6687443f1883f7a1da39)] -> xpath: (//span[@class='hidden-xs hidden-sm hidden-md'])[3]]
Select My Account Options [[[ChromeDriver: chrome on WINDOWS (4e171114a0dd6687443f1883f7a1da39)] -> xpath: //ul[@class='dropdown-menu dropdown-menu-right']//li], [[ChromeDriver: chrome on WINDOWS (4e171114a0dd6687443f1883f7a1da39)] -> xpath: //ul[@class='dropdown-menu dropdown-menu-right']//li], [[ChromeDriver: chrome on WINDOWS (4e171114a0dd6687443f1883f7a1da39)] -> xpath: //ul[@class='dropdown-menu dropdown-menu-right']//li], [[ChromeDriver: chrome on WINDOWS (4e171114a0dd6687443f1883f7a1da39)] -> xpath: //ul[@class='dropdown-menu dropdown-menu-right']//li], [[ChromeDriver: chrome on WINDOWS (4e171114a0dd6687443f1883f7a1da39)] -> xpath: //ul[@class='dropdown-menu dropdown-menu-right']//li]]
Logout Text [[ChromeDriver: chrome on WINDOWS (4e171114a0dd6687443f1883f7a1da39)] -> xpath: //h1[contains(text(),'Account Logout')]]
Click on Logout Link [[ChromeDriver: chrome on WINDOWS (4e171114a0dd6687443f1883f7a1da39)] -> xpath: //a[contains(text(),'Continue')]]
Click to see screenshot
<a target = "_blank" href=C:\Users\nik_7\IdeaProjects\project2-tutorialsninja-pagefactory-nauman/test-output/html/verifyThatUserShouldLoginAndLogoutSuccessfullyTue_Dec_13_21_44_10_GMT_2022.jpg>Screenshot</a>
<br>
<br>
<a target = "_blank" href=C:\Users\nik_7\IdeaProjects\project2-tutorialsninja-pagefactory-nauman/test-output/html/verifyThatUserShouldLoginAndLogoutSuccessfullyTue_Dec_13_21_44_10_GMT_2022.jpg><img src=C:\Users\nik_7\IdeaProjects\project2-tutorialsninja-pagefactory-nauman/test-output/html/verifyThatUserShouldLoginAndLogoutSuccessfullyTue_Dec_13_21_44_10_GMT_2022.jpg height=200 width=200></img></a>]]>
  </system-out>
  <testcase name="verifyUserShouldNavigateToLoginPageSuccessfully" time="3.431" classname="com.tutorialsninja.testsuite.MyAccountTest"/>
  <system-out>
    <![CDATA[Click on My Account Link [[ChromeDriver: chrome on WINDOWS (91702f5d10fd9beb847eec9d875427c1)] -> xpath: (//span[@class='hidden-xs hidden-sm hidden-md'])[3]]
Select My Account Options [[[ChromeDriver: chrome on WINDOWS (91702f5d10fd9beb847eec9d875427c1)] -> xpath: //ul[@class='dropdown-menu dropdown-menu-right']//li], [[ChromeDriver: chrome on WINDOWS (91702f5d10fd9beb847eec9d875427c1)] -> xpath: //ul[@class='dropdown-menu dropdown-menu-right']//li]]
The Returning Customer Text is [[ChromeDriver: chrome on WINDOWS (91702f5d10fd9beb847eec9d875427c1)] -> xpath: //h2[contains(text(),'Returning Customer')]]
Click to see screenshot
<a target = "_blank" href=C:\Users\nik_7\IdeaProjects\project2-tutorialsninja-pagefactory-nauman/test-output/html/verifyUserShouldNavigateToLoginPageSuccessfullyTue_Dec_13_21_44_13_GMT_2022.jpg>Screenshot</a>
<br>
<br>
<a target = "_blank" href=C:\Users\nik_7\IdeaProjects\project2-tutorialsninja-pagefactory-nauman/test-output/html/verifyUserShouldNavigateToLoginPageSuccessfullyTue_Dec_13_21_44_13_GMT_2022.jpg><img src=C:\Users\nik_7\IdeaProjects\project2-tutorialsninja-pagefactory-nauman/test-output/html/verifyUserShouldNavigateToLoginPageSuccessfullyTue_Dec_13_21_44_13_GMT_2022.jpg height=200 width=200></img></a>]]>
  </system-out>
  <testcase name="verifyThatUserRegisterAccountSuccessfully" time="5.764" classname="com.tutorialsninja.testsuite.MyAccountTest"/>
  <system-out>
    <![CDATA[Click on My Account Link [[ChromeDriver: chrome on WINDOWS (59b913199ac509a3c055181679ce00cc)] -> xpath: //span[contains(text(),'My Account')]]
Select My Account Options [[[ChromeDriver: chrome on WINDOWS (59b913199ac509a3c055181679ce00cc)] -> xpath: //ul[@class='dropdown-menu dropdown-menu-right']//li//a], [[ChromeDriver: chrome on WINDOWS (59b913199ac509a3c055181679ce00cc)] -> xpath: //ul[@class='dropdown-menu dropdown-menu-right']//li//a]]
Enter user first name Hulk to First Name field [[ChromeDriver: chrome on WINDOWS (59b913199ac509a3c055181679ce00cc)] -> name: firstname]
Enter user last name Man to Last Name field [[ChromeDriver: chrome on WINDOWS (59b913199ac509a3c055181679ce00cc)] -> id: input-lastname]
Enter user email hulk to Email field [[ChromeDriver: chrome on WINDOWS (59b913199ac509a3c055181679ce00cc)] -> id: input-email]
Enter telephone number 07865438934 to Telephone Number field [[ChromeDriver: chrome on WINDOWS (59b913199ac509a3c055181679ce00cc)] -> id: input-telephone]
Enter password hulk123 to Password field [[ChromeDriver: chrome on WINDOWS (59b913199ac509a3c055181679ce00cc)] -> id: input-password]
Enter password again hulk123 to Confirm Password field [[ChromeDriver: chrome on WINDOWS (59b913199ac509a3c055181679ce00cc)] -> id: input-confirm]
Select Subscribe Option[[ChromeDriver: chrome on WINDOWS (59b913199ac509a3c055181679ce00cc)] -> id: input-password]
Clicking on continue Button in guest section [[ChromeDriver: chrome on WINDOWS (59b913199ac509a3c055181679ce00cc)] -> name: agree]
Clicking on continue Button in guest section [[ChromeDriver: chrome on WINDOWS (59b913199ac509a3c055181679ce00cc)] -> xpath: //input[@class='btn btn-primary']]
The Account Created Text is [[ChromeDriver: chrome on WINDOWS (59b913199ac509a3c055181679ce00cc)] -> xpath: //h1[contains(text(),'Your Account Has Been Created!')]]
Clicking on continue Button in guest section [[ChromeDriver: chrome on WINDOWS (59b913199ac509a3c055181679ce00cc)] -> xpath: //a[contains(text(),'Continue')]]
Click on My Account Link [[ChromeDriver: chrome on WINDOWS (59b913199ac509a3c055181679ce00cc)] -> xpath: (//span[@class='hidden-xs hidden-sm hidden-md'])[3]]
Select My Account Options [[[ChromeDriver: chrome on WINDOWS (59b913199ac509a3c055181679ce00cc)] -> xpath: //ul[@class='dropdown-menu dropdown-menu-right']//li], [[ChromeDriver: chrome on WINDOWS (59b913199ac509a3c055181679ce00cc)] -> xpath: //ul[@class='dropdown-menu dropdown-menu-right']//li], [[ChromeDriver: chrome on WINDOWS (59b913199ac509a3c055181679ce00cc)] -> xpath: //ul[@class='dropdown-menu dropdown-menu-right']//li], [[ChromeDriver: chrome on WINDOWS (59b913199ac509a3c055181679ce00cc)] -> xpath: //ul[@class='dropdown-menu dropdown-menu-right']//li], [[ChromeDriver: chrome on WINDOWS (59b913199ac509a3c055181679ce00cc)] -> xpath: //ul[@class='dropdown-menu dropdown-menu-right']//li]]
The Logout Account Text is [[ChromeDriver: chrome on WINDOWS (59b913199ac509a3c055181679ce00cc)] -> xpath: //h1[contains(text(),'Account Logout')]]
Click on Continue Button [[ChromeDriver: chrome on WINDOWS (59b913199ac509a3c055181679ce00cc)] -> xpath: //a[contains(text(),'Continue')]]
Click to see screenshot
<a target = "_blank" href=C:\Users\nik_7\IdeaProjects\project2-tutorialsninja-pagefactory-nauman/test-output/html/verifyThatUserRegisterAccountSuccessfullyTue_Dec_13_21_44_03_GMT_2022.jpg>Screenshot</a>
<br>
<br>
<a target = "_blank" href=C:\Users\nik_7\IdeaProjects\project2-tutorialsninja-pagefactory-nauman/test-output/html/verifyThatUserRegisterAccountSuccessfullyTue_Dec_13_21_44_03_GMT_2022.jpg><img src=C:\Users\nik_7\IdeaProjects\project2-tutorialsninja-pagefactory-nauman/test-output/html/verifyThatUserRegisterAccountSuccessfullyTue_Dec_13_21_44_03_GMT_2022.jpg height=200 width=200></img></a>]]>
  </system-out>
  <testcase name="verifyUserShouldNavigateToRegisterPageSuccessfully" time="3.693" classname="com.tutorialsninja.testsuite.MyAccountTest"/>
  <system-out>
    <![CDATA[Click on My Account Link [[ChromeDriver: chrome on WINDOWS (5a29510da7936a411fcedcda73563df4)] -> xpath: (//span[@class='hidden-xs hidden-sm hidden-md'])[3]]
Select My Account Options [[[ChromeDriver: chrome on WINDOWS (5a29510da7936a411fcedcda73563df4)] -> xpath: //ul[@class='dropdown-menu dropdown-menu-right']//li], [[ChromeDriver: chrome on WINDOWS (5a29510da7936a411fcedcda73563df4)] -> xpath: //ul[@class='dropdown-menu dropdown-menu-right']//li]]
The Register Account Text is [[ChromeDriver: chrome on WINDOWS (5a29510da7936a411fcedcda73563df4)] -> xpath: //h1[contains(text(),'Register Account')]]
Click to see screenshot
<a target = "_blank" href=C:\Users\nik_7\IdeaProjects\project2-tutorialsninja-pagefactory-nauman/test-output/html/verifyUserShouldNavigateToRegisterPageSuccessfullyTue_Dec_13_21_44_17_GMT_2022.jpg>Screenshot</a>
<br>
<br>
<a target = "_blank" href=C:\Users\nik_7\IdeaProjects\project2-tutorialsninja-pagefactory-nauman/test-output/html/verifyUserShouldNavigateToRegisterPageSuccessfullyTue_Dec_13_21_44_17_GMT_2022.jpg><img src=C:\Users\nik_7\IdeaProjects\project2-tutorialsninja-pagefactory-nauman/test-output/html/verifyUserShouldNavigateToRegisterPageSuccessfullyTue_Dec_13_21_44_17_GMT_2022.jpg height=200 width=200></img></a>]]>
  </system-out>
</testsuite> <!-- com.tutorialsninja.testsuite.MyAccountTest -->
